<?xml version="1.0" encoding="UTF-8"?>
<!-- Generated by org.testng.reporters.JUnitReportReporter -->
<testsuite hostname="ASCINLAP60757" failures="0" tests="3" name="tests.OdysseyTests" time="31.783" errors="0" timestamp="2024-11-08T16:43:21 IST" skipped="0">
  <testcase classname="tests.OdysseyTests" name="testLogin" time="4.165"/>
  <testcase classname="tests.OdysseyTests" name="testCreateAccount" time="23.225"/>
  <testcase classname="tests.OdysseyTests" name="testLogout" time="4.393"/>
</testsuite> <!-- tests.OdysseyTests -->
