<?xml version="1.0" encoding="UTF-8"?>
<!-- Generated by org.testng.reporters.JUnitReportReporter -->
<testsuite hostname="ASCINLAP60757" failures="0" tests="1" name="com.Supertails.SupertailsTestNG" time="46.136" errors="0" timestamp="2024-11-13T22:21:11 IST" skipped="0">
  <testcase classname="com.Supertails.SupertailsTestNG" name="f" time="46.136"/>
</testsuite> <!-- com.Supertails.SupertailsTestNG -->
