<?xml version="1.0" encoding="UTF-8"?>
<!-- Generated by org.testng.reporters.JUnitReportReporter -->
<testsuite hostname="ASCINLAP60757" failures="0" tests="1" name="com.ashwin.Supertails.SupertailsTestNG" time="31.493" errors="0" timestamp="2024-11-08T10:01:42 IST" skipped="0">
  <testcase classname="com.ashwin.Supertails.SupertailsTestNG" name="f" time="31.493"/>
</testsuite> <!-- com.ashwin.Supertails.SupertailsTestNG -->
